# JRE version: OpenJDK Runtime Environment (21.0.6) (build 21.0.6+-13368085-b895.109)
# Java VM: OpenJDK 64-Bit Server VM (21.0.6+-13368085-b895.109, mixed mode, tiered, compressed oops, compressed class ptrs, g1 gc, windows-amd64)
GC Precious Log:
 CardTable entry size: 512
 Card Set container configuration: InlinePtr #cards 5 size 8 Array Of Cards #cards 12 size 40 Howl #buckets 4 coarsen threshold 1843 Howl Bitmap #cards 512 size 80 coarsen threshold 460 Card regions per heap region 1 cards per card region 2048
 CPUs: 20 total, 20 available
 Memory: 32508M
 Large Page Support: Disabled
 NUMA Support: Disabled
 Compressed Oops: Enabled (32-bit)
 Heap Region Size: 1M
 Heap Min Capacity: 8M
 Heap Initial Capacity: 508M
 Heap Max Capacity: 2G
 Pre-touch: Disabled
 Parallel Workers: 15
 Concurrent Workers: 4
 Concurrent Refinement Workers: 15
 Periodic GC: Disabled
Heap:
 garbage-first heap   total 240640K, used 158760K [0x0000000080000000, 0x0000000100000000)
  region size 1024K, 28 young (28672K), 11 survivors (11264K)
 Metaspace       used 131102K, committed 133440K, reserved 1179648K
  class space    used 17248K, committed 18432K, reserved 1048576K
GC Heap History (20 events):
Event: 11.712 GC heap before
{Heap before GC invocations=33 (full 0):
 garbage-first heap   total 168960K, used 154311K [0x0000000080000000, 0x0000000100000000)
  region size 1024K, 55 young (56320K), 8 survivors (8192K)
 Metaspace       used 116044K, committed 118272K, reserved 1179648K
  class space    used 15604K, committed 16704K, reserved 1048576K
}
Event: 11.716 GC heap after
{Heap after GC invocations=34 (full 0):
 garbage-first heap   total 172032K, used 107847K [0x0000000080000000, 0x0000000100000000)
  region size 1024K, 7 young (7168K), 7 survivors (7168K)
 Metaspace       used 116044K, committed 118272K, reserved 1179648K
  class space    used 15604K, committed 16704K, reserved 1048576K
}
Event: 12.006 GC heap before
{Heap before GC invocations=34 (full 0):
 garbage-first heap   total 172032K, used 153927K [0x0000000080000000, 0x0000000100000000)
  region size 1024K, 53 young (54272K), 7 survivors (7168K)
 Metaspace       used 117138K, committed 119296K, reserved 1179648K
  class space    used 15734K, committed 16832K, reserved 1048576K
}
Event: 12.010 GC heap after
{Heap after GC invocations=35 (full 0):
 garbage-first heap   total 172032K, used 114199K [0x0000000080000000, 0x0000000100000000)
  region size 1024K, 7 young (7168K), 7 survivors (7168K)
 Metaspace       used 117138K, committed 119296K, reserved 1179648K
  class space    used 15734K, committed 16832K, reserved 1048576K
}
Event: 12.112 GC heap before
{Heap before GC invocations=36 (full 0):
 garbage-first heap   total 191488K, used 153111K [0x0000000080000000, 0x0000000100000000)
  region size 1024K, 46 young (47104K), 7 survivors (7168K)
 Metaspace       used 117140K, committed 119296K, reserved 1179648K
  class space    used 15735K, committed 16832K, reserved 1048576K
}
Event: 12.115 GC heap after
{Heap after GC invocations=37 (full 0):
 garbage-first heap   total 191488K, used 115808K [0x0000000080000000, 0x0000000100000000)
  region size 1024K, 4 young (4096K), 4 survivors (4096K)
 Metaspace       used 117140K, committed 119296K, reserved 1179648K
  class space    used 15735K, committed 16832K, reserved 1048576K
}
Event: 12.369 GC heap before
{Heap before GC invocations=37 (full 0):
 garbage-first heap   total 191488K, used 174176K [0x0000000080000000, 0x0000000100000000)
  region size 1024K, 62 young (63488K), 4 survivors (4096K)
 Metaspace       used 117689K, committed 119936K, reserved 1179648K
  class space    used 15842K, committed 16960K, reserved 1048576K
}
Event: 12.373 GC heap after
{Heap after GC invocations=38 (full 0):
 garbage-first heap   total 230400K, used 117833K [0x0000000080000000, 0x0000000100000000)
  region size 1024K, 7 young (7168K), 7 survivors (7168K)
 Metaspace       used 117689K, committed 119936K, reserved 1179648K
  class space    used 15842K, committed 16960K, reserved 1048576K
}
Event: 12.721 GC heap before
{Heap before GC invocations=38 (full 0):
 garbage-first heap   total 230400K, used 202825K [0x0000000080000000, 0x0000000100000000)
  region size 1024K, 91 young (93184K), 7 survivors (7168K)
 Metaspace       used 118594K, committed 120896K, reserved 1179648K
  class space    used 15968K, committed 17152K, reserved 1048576K
}
Event: 12.726 GC heap after
{Heap after GC invocations=39 (full 0):
 garbage-first heap   total 230400K, used 122772K [0x0000000080000000, 0x0000000100000000)
  region size 1024K, 11 young (11264K), 11 survivors (11264K)
 Metaspace       used 118594K, committed 120896K, reserved 1179648K
  class space    used 15968K, committed 17152K, reserved 1048576K
}
Event: 12.909 GC heap before
{Heap before GC invocations=39 (full 0):
 garbage-first heap   total 230400K, used 204692K [0x0000000080000000, 0x0000000100000000)
  region size 1024K, 92 young (94208K), 11 survivors (11264K)
 Metaspace       used 119290K, committed 121536K, reserved 1179648K
  class space    used 16039K, committed 17216K, reserved 1048576K
}
Event: 12.913 GC heap after
{Heap after GC invocations=40 (full 0):
 garbage-first heap   total 230400K, used 126625K [0x0000000080000000, 0x0000000100000000)
  region size 1024K, 6 young (6144K), 6 survivors (6144K)
 Metaspace       used 119290K, committed 121536K, reserved 1179648K
  class space    used 16039K, committed 17216K, reserved 1048576K
}
Event: 14.642 GC heap before
{Heap before GC invocations=40 (full 0):
 garbage-first heap   total 230400K, used 208545K [0x0000000080000000, 0x0000000100000000)
  region size 1024K, 87 young (89088K), 6 survivors (6144K)
 Metaspace       used 120680K, committed 122944K, reserved 1179648K
  class space    used 16203K, committed 17344K, reserved 1048576K
}
Event: 14.647 GC heap after
{Heap after GC invocations=41 (full 0):
 garbage-first heap   total 230400K, used 130803K [0x0000000080000000, 0x0000000100000000)
  region size 1024K, 11 young (11264K), 11 survivors (11264K)
 Metaspace       used 120680K, committed 122944K, reserved 1179648K
  class space    used 16203K, committed 17344K, reserved 1048576K
}
Event: 22.746 GC heap before
{Heap before GC invocations=42 (full 0):
 garbage-first heap   total 230400K, used 204531K [0x0000000080000000, 0x0000000100000000)
  region size 1024K, 84 young (86016K), 11 survivors (11264K)
 Metaspace       used 126963K, committed 129280K, reserved 1179648K
  class space    used 16937K, committed 18112K, reserved 1048576K
}
Event: 22.751 GC heap after
{Heap after GC invocations=43 (full 0):
 garbage-first heap   total 230400K, used 131978K [0x0000000080000000, 0x0000000100000000)
  region size 1024K, 5 young (5120K), 5 survivors (5120K)
 Metaspace       used 126963K, committed 129280K, reserved 1179648K
  class space    used 16937K, committed 18112K, reserved 1048576K
}
Event: 38.131 GC heap before
{Heap before GC invocations=43 (full 0):
 garbage-first heap   total 230400K, used 209802K [0x0000000080000000, 0x0000000100000000)
  region size 1024K, 82 young (83968K), 5 survivors (5120K)
 Metaspace       used 130582K, committed 132928K, reserved 1179648K
  class space    used 17243K, committed 18432K, reserved 1048576K
}
Event: 38.136 GC heap after
{Heap after GC invocations=44 (full 0):
 garbage-first heap   total 230400K, used 134836K [0x0000000080000000, 0x0000000100000000)
  region size 1024K, 9 young (9216K), 9 survivors (9216K)
 Metaspace       used 130582K, committed 132928K, reserved 1179648K
  class space    used 17243K, committed 18432K, reserved 1048576K
}
Event: 38.860 GC heap before
{Heap before GC invocations=44 (full 0):
 garbage-first heap   total 230400K, used 207540K [0x0000000080000000, 0x0000000100000000)
  region size 1024K, 81 young (82944K), 9 survivors (9216K)
 Metaspace       used 131025K, committed 133376K, reserved 1179648K
  class space    used 17247K, committed 18432K, reserved 1048576K
}
Event: 38.867 GC heap after
{Heap after GC invocations=45 (full 0):
 garbage-first heap   total 230400K, used 143400K [0x0000000080000000, 0x0000000100000000)
  region size 1024K, 11 young (11264K), 11 survivors (11264K)
 Metaspace       used 131025K, committed 133376K, reserved 1179648K
  class space    used 17247K, committed 18432K, reserved 1048576K
}

