# JRE version: OpenJDK Runtime Environment (21.0.6) (build 21.0.6+-13368085-b895.109)
# Java VM: OpenJDK 64-Bit Server VM (21.0.6+-13368085-b895.109, mixed mode, tiered, compressed oops, compressed class ptrs, g1 gc, windows-amd64)
GC Precious Log:
 CardTable entry size: 512
 Card Set container configuration: InlinePtr #cards 5 size 8 Array Of Cards #cards 12 size 40 Howl #buckets 4 coarsen threshold 1843 Howl Bitmap #cards 512 size 80 coarsen threshold 460 Card regions per heap region 1 cards per card region 2048
 CPUs: 20 total, 20 available
 Memory: 32508M
 Large Page Support: Disabled
 NUMA Support: Disabled
 Compressed Oops: Enabled (32-bit)
 Heap Region Size: 1M
 Heap Min Capacity: 8M
 Heap Initial Capacity: 508M
 Heap Max Capacity: 2G
 Pre-touch: Disabled
 Parallel Workers: 15
 Concurrent Workers: 4
 Concurrent Refinement Workers: 15
 Periodic GC: Disabled
Heap:
 garbage-first heap   total 304128K, used 232923K [0x0000000080000000, 0x0000000100000000)
  region size 1024K, 111 young (113664K), 12 survivors (12288K)
 Metaspace       used 131405K, committed 133824K, reserved 1179648K
  class space    used 16920K, committed 18432K, reserved 1048576K
GC Heap History (20 events):
Event: 7.623 GC heap before
{Heap before GC invocations=23 (full 0):
 garbage-first heap   total 87040K, used 73114K [0x0000000080000000, 0x0000000100000000)
  region size 1024K, 25 young (25600K), 3 survivors (3072K)
 Metaspace       used 73866K, committed 75584K, reserved 1114112K
  class space    used 9922K, committed 10752K, reserved 1048576K
}
Event: 7.625 GC heap after
{Heap after GC invocations=24 (full 0):
 garbage-first heap   total 87040K, used 52126K [0x0000000080000000, 0x0000000100000000)
  region size 1024K, 3 young (3072K), 3 survivors (3072K)
 Metaspace       used 73866K, committed 75584K, reserved 1114112K
  class space    used 9922K, committed 10752K, reserved 1048576K
}
Event: 7.701 GC heap before
{Heap before GC invocations=24 (full 0):
 garbage-first heap   total 87040K, used 76702K [0x0000000080000000, 0x0000000100000000)
  region size 1024K, 28 young (28672K), 3 survivors (3072K)
 Metaspace       used 73873K, committed 75584K, reserved 1114112K
  class space    used 9923K, committed 10752K, reserved 1048576K
}
Event: 7.704 GC heap after
{Heap after GC invocations=25 (full 0):
 garbage-first heap   total 304128K, used 51764K [0x0000000080000000, 0x0000000100000000)
  region size 1024K, 3 young (3072K), 3 survivors (3072K)
 Metaspace       used 73873K, committed 75584K, reserved 1114112K
  class space    used 9923K, committed 10752K, reserved 1048576K
}
Event: 9.243 GC heap before
{Heap before GC invocations=25 (full 0):
 garbage-first heap   total 304128K, used 248372K [0x0000000080000000, 0x0000000100000000)
  region size 1024K, 178 young (182272K), 3 survivors (3072K)
 Metaspace       used 85404K, committed 87232K, reserved 1179648K
  class space    used 11330K, committed 12224K, reserved 1048576K
}
Event: 9.252 GC heap after
{Heap after GC invocations=26 (full 0):
 garbage-first heap   total 304128K, used 86956K [0x0000000080000000, 0x0000000100000000)
  region size 1024K, 22 young (22528K), 22 survivors (22528K)
 Metaspace       used 85404K, committed 87232K, reserved 1179648K
  class space    used 11330K, committed 12224K, reserved 1048576K
}
Event: 10.989 GC heap before
{Heap before GC invocations=26 (full 0):
 garbage-first heap   total 304128K, used 248748K [0x0000000080000000, 0x0000000100000000)
  region size 1024K, 176 young (180224K), 22 survivors (22528K)
 Metaspace       used 97513K, committed 99456K, reserved 1179648K
  class space    used 12919K, committed 13888K, reserved 1048576K
}
Event: 10.996 GC heap after
{Heap after GC invocations=27 (full 0):
 garbage-first heap   total 304128K, used 93237K [0x0000000080000000, 0x0000000100000000)
  region size 1024K, 11 young (11264K), 11 survivors (11264K)
 Metaspace       used 97513K, committed 99456K, reserved 1179648K
  class space    used 12919K, committed 13888K, reserved 1048576K
}
Event: 12.992 GC heap before
{Heap before GC invocations=27 (full 0):
 garbage-first heap   total 304128K, used 252981K [0x0000000080000000, 0x0000000100000000)
  region size 1024K, 167 young (171008K), 11 survivors (11264K)
 Metaspace       used 108662K, committed 110720K, reserved 1179648K
  class space    used 14624K, committed 15680K, reserved 1048576K
}
Event: 12.997 GC heap after
{Heap after GC invocations=28 (full 0):
 garbage-first heap   total 304128K, used 99298K [0x0000000080000000, 0x0000000100000000)
  region size 1024K, 17 young (17408K), 17 survivors (17408K)
 Metaspace       used 108662K, committed 110720K, reserved 1179648K
  class space    used 14624K, committed 15680K, reserved 1048576K
}
Event: 14.835 GC heap before
{Heap before GC invocations=28 (full 0):
 garbage-first heap   total 304128K, used 266210K [0x0000000080000000, 0x0000000100000000)
  region size 1024K, 176 young (180224K), 17 survivors (17408K)
 Metaspace       used 121997K, committed 124160K, reserved 1179648K
  class space    used 16309K, committed 17408K, reserved 1048576K
}
Event: 14.846 GC heap after
{Heap after GC invocations=29 (full 0):
 garbage-first heap   total 304128K, used 112134K [0x0000000080000000, 0x0000000100000000)
  region size 1024K, 22 young (22528K), 22 survivors (22528K)
 Metaspace       used 121997K, committed 124160K, reserved 1179648K
  class space    used 16309K, committed 17408K, reserved 1048576K
}
Event: 15.665 GC heap before
{Heap before GC invocations=29 (full 0):
 garbage-first heap   total 304128K, used 261638K [0x0000000080000000, 0x0000000100000000)
  region size 1024K, 170 young (174080K), 22 survivors (22528K)
 Metaspace       used 123829K, committed 126016K, reserved 1179648K
  class space    used 16563K, committed 17664K, reserved 1048576K
}
Event: 15.677 GC heap after
{Heap after GC invocations=30 (full 0):
 garbage-first heap   total 304128K, used 121568K [0x0000000080000000, 0x0000000100000000)
  region size 1024K, 12 young (12288K), 12 survivors (12288K)
 Metaspace       used 123829K, committed 126016K, reserved 1179648K
  class space    used 16563K, committed 17664K, reserved 1048576K
}
Event: 16.471 GC heap before
{Heap before GC invocations=31 (full 0):
 garbage-first heap   total 304128K, used 268000K [0x0000000080000000, 0x0000000100000000)
  region size 1024K, 156 young (159744K), 12 survivors (12288K)
 Metaspace       used 124376K, committed 126528K, reserved 1179648K
  class space    used 16625K, committed 17728K, reserved 1048576K
}
Event: 16.477 GC heap after
{Heap after GC invocations=32 (full 0):
 garbage-first heap   total 304128K, used 126535K [0x0000000080000000, 0x0000000100000000)
  region size 1024K, 17 young (17408K), 17 survivors (17408K)
 Metaspace       used 124376K, committed 126528K, reserved 1179648K
  class space    used 16625K, committed 17728K, reserved 1048576K
}
Event: 17.160 GC heap before
{Heap before GC invocations=32 (full 0):
 garbage-first heap   total 304128K, used 268871K [0x0000000080000000, 0x0000000100000000)
  region size 1024K, 157 young (160768K), 17 survivors (17408K)
 Metaspace       used 129448K, committed 131648K, reserved 1179648K
  class space    used 17169K, committed 18304K, reserved 1048576K
}
Event: 17.166 GC heap after
{Heap after GC invocations=33 (full 0):
 garbage-first heap   total 304128K, used 128937K [0x0000000080000000, 0x0000000100000000)
  region size 1024K, 13 young (13312K), 13 survivors (13312K)
 Metaspace       used 129448K, committed 131648K, reserved 1179648K
  class space    used 17169K, committed 18304K, reserved 1048576K
}
Event: 2679.910 GC heap before
{Heap before GC invocations=33 (full 0):
 garbage-first heap   total 304128K, used 272297K [0x0000000080000000, 0x0000000100000000)
  region size 1024K, 154 young (157696K), 13 survivors (13312K)
 Metaspace       used 131295K, committed 133504K, reserved 1179648K
  class space    used 17269K, committed 18368K, reserved 1048576K
}
Event: 2679.924 GC heap after
{Heap after GC invocations=34 (full 0):
 garbage-first heap   total 304128K, used 133595K [0x0000000080000000, 0x0000000100000000)
  region size 1024K, 12 young (12288K), 12 survivors (12288K)
 Metaspace       used 131295K, committed 133504K, reserved 1179648K
  class space    used 17269K, committed 18368K, reserved 1048576K
}

